<?xml version="1.0" encoding="UTF-8"?>
<!-- Generated by org.testng.reporters.JUnitReportReporter -->
<testsuite hostname="DESKTOP-L9VVM4M" failures="0" tests="1" name="Test.SuperAdminFeeTest" time="39.994" errors="0" timestamp="2023-01-05T15:11:10 IST" skipped="0">
  <testcase classname="Test.SuperAdminFeeTest" name="validateFeeViewMore" time="39.994"/>
  <system-out/>
</testsuite> <!-- Test.SuperAdminFeeTest -->
