<?xml version="1.0" encoding="UTF-8"?>
<!-- Generated by org.testng.reporters.JUnitReportReporter -->
<testsuite hostname="DESKTOP-L9VVM4M" failures="0" tests="1" name="Test.MobileSmokeTest" time="162.430" errors="0" timestamp="2023-01-07T12:20:01 IST" skipped="0">
  <testcase classname="Test.MobileSmokeTest" name="CreateScheduleBroadcast" time="162.430"/>
  <system-out/>
</testsuite> <!-- Test.MobileSmokeTest -->
