<?xml version="1.0" encoding="UTF-8"?>
<!-- Generated by org.testng.reporters.JUnitReportReporter -->
<testsuite hostname="DESKTOP-L9VVM4M" failures="0" tests="1" name="Test.AulasCareDataOperatorSide" time="82.911" errors="0" timestamp="2022-12-02T14:05:29 IST" skipped="0">
  <testcase classname="Test.AulasCareDataOperatorSide" name="fillVaccinationDetails" time="82.911"/>
  <system-out/>
</testsuite> <!-- Test.AulasCareDataOperatorSide -->
