<?xml version="1.0" encoding="UTF-8"?>
<!-- Generated by org.testng.reporters.JUnitReportReporter -->
<testsuite hostname="DESKTOP-KE25AAU" failures="0" tests="2" name="Test.AulasCareModule" time="24.803" errors="1" timestamp="2023-01-18T15:24:43 IST" skipped="1">
  <testcase classname="Test.AulasCareModule" name="doLoginOperation" time="24.803">
    <error message="Could not start a new session. Response code 500. Message: An unknown server-side error occurred while processing the command. Original error: Error executing adbExec. Original error: &#039;Command &#039;C:\\Users\\Nandini\\AppData\\Local\\Android\\Sdk\\platform-tools\\adb.exe -P 5037 -s NVVOY9IJIBNZTW95 shell &#039;settings delete global hidden_api_policy_pre_p_apps;settings delete global hidden_api_policy_p_apps;settings delete global hidden_api_policy&#039;&#039; exited with code 255&#039;; Command output: Security exception: Permission denial: writing to settings requires:android.permission.WRITE_SECURE_SETTINGS

java.lang.SecurityException: Permission denial: writing to settings requires:android.permission.WRITE_SECURE_SETTINGS
	at com.android.providers.settings.SettingsProvider.enforceWritePermission(SettingsProvider.java:2050)
	at com.android.providers.settings.SettingsProvider.mutateGlobalSetting(SettingsProvider.java:1256)
	at com.android.providers.settings.SettingsProvider.deleteGlobalSetting(SettingsProvider.java:1239)
	at com.android.providers.settings.SettingsProvider.call(SettingsProvider.java:476)
	at android.content.ContentProvider.call(ContentProvider.java:2177)
	at android.content.ContentProvider$Transport.call(ContentProvider.java:477)
	at com.android.providers.settings.SettingsService$MyShellCommand.deleteForUser(SettingsService.java:399)
	at com.android.providers.settings.SettingsService$MyShellCommand.onCommand(SettingsService.java:281)
	at android.os.ShellCommand.exec(ShellCommand.java:111)
	at com.android.providers.settings.SettingsService.onShellCommand(SettingsService.java:49)
	at android.os.Binder.shellCommand(Binder.java:881)
	at android.os.Binder.onTransact(Binder.java:765)
	at android.os.Binder.execTransactInternal(Binder.java:1021)
	at android.os.Binder.execTransact(Binder.java:994)
Security exception: Permission denial: writing to settings requires:android.permission.WRITE_SECURE_SETTINGS

java.lang.SecurityException: Permission denial: writing to settings requires:android.permission.WRITE_SECURE_SETTINGS
	at com.android.providers.settings.SettingsProvider.enforceWritePermission(SettingsProvider.java:2050)
	at com.android.providers.settings.SettingsProvider.mutateGlobalSetting(SettingsProvider.java:1256)
	at com.android.providers.settings.SettingsProvider.deleteGlobalSetting(SettingsProvider.java:1239)
	at com.android.providers.settings.SettingsProvider.call(SettingsProvider.java:476)
	at android.content.ContentProvider.call(ContentProvider.java:2177)
	at android.content.ContentProvider$Transport.call(ContentProvider.java:477)
	at com.android.providers.settings.SettingsService$MyShellCommand.deleteForUser(SettingsService.java:399)
	at com.android.providers.settings.SettingsService$MyShellCommand.onCommand(SettingsService.java:281)
	at android.os.ShellCommand.exec(ShellCommand.java:111)
	at com.android.providers.settings.SettingsService.onShellCommand(SettingsService.java:49)
	at android.os.Binder.shellCommand(Binder.java:881)
	at android.os.Binder.onTransact(Binder.java:765)
	at android.os.Binder.execTransactInternal(Binder.java:1021)
	at android.os.Binder.execTransact(Binder.java:994)
Security exception: Permission denial: writing to settings requires:android.permission.WRITE_SECURE_SETTINGS

java.lang.SecurityException: Permission denial: writing to settings requires:android.permission.WRITE_SECURE_SETTINGS
	at com.android.providers.settings.SettingsProvider.enforceWritePermission(SettingsProvider.java:2050)
	at com.android.providers.settings.SettingsProvider.mutateGlobalSetting(SettingsProvider.java:1256)
	at com.android.providers.settings.SettingsProvider.deleteGlobalSetting(SettingsProvider.java:1239)
	at com.android.providers.settings.SettingsProvider.call(SettingsProvider.java:476)
	at android.content.ContentProvider.call(ContentProvider.java:2177)
	at android.content.ContentProvider$Transport.call(ContentProvider.java:477)
	at com.android.providers.settings.SettingsService$MyShellCommand.deleteForUser(SettingsService.java:399)
	at com.android.providers.settings.SettingsService$MyShellCommand.onCommand(SettingsService.java:281)
	at android.os.ShellCommand.exec(ShellCommand.java:111)
	at com.android.providers.settings.SettingsService.onShellCommand(SettingsService.java:49)
	at android.os.Binder.shellCommand(Binder.java:881)
	at android.os.Binder.onTransact(Binder.java:765)
	at android.os.Binder.execTransactInternal(Binder.java:1021)
	at android.os.Binder.execTransact(Binder.java:994)
 
Host info: host: &#039;DESKTOP-KE25AAU&#039;, ip: &#039;192.168.56.1&#039;
Build info: version: &#039;4.6.0&#039;, revision: &#039;79f1c02ae20&#039;
System info: os.name: &#039;Windows 10&#039;, os.arch: &#039;amd64&#039;, os.version: &#039;10.0&#039;, java.version: &#039;11.0.16.1&#039;
Driver info: io.appium.java_client.android.AndroidDriver
Command: [null, newSession {capabilities=[{appium:deviceName=realme RMX3381, platformName=ANDROID, appium:automationName=UIAutomator2, appium:app=C:\Users\Nandini\Downloads\app-release (3).apk}], desiredCapabilities=Capabilities {appium:app: C:\Users\Nandini\Downloads\..., appium:automationName: UIAutomator2, appium:deviceName: realme RMX3381, platformName: ANDROID}}]
Capabilities {}" type="org.openqa.selenium.SessionNotCreatedException">
      <![CDATA[org.openqa.selenium.SessionNotCreatedException: Could not start a new session. Response code 500. Message: An unknown server-side error occurred while processing the command. Original error: Error executing adbExec. Original error: 'Command 'C:\\Users\\Nandini\\AppData\\Local\\Android\\Sdk\\platform-tools\\adb.exe -P 5037 -s NVVOY9IJIBNZTW95 shell 'settings delete global hidden_api_policy_pre_p_apps;settings delete global hidden_api_policy_p_apps;settings delete global hidden_api_policy'' exited with code 255'; Command output: Security exception: Permission denial: writing to settings requires:android.permission.WRITE_SECURE_SETTINGS

java.lang.SecurityException: Permission denial: writing to settings requires:android.permission.WRITE_SECURE_SETTINGS
at com.android.providers.settings.SettingsProvider.enforceWritePermission(SettingsProvider.java:2050)
at com.android.providers.settings.SettingsProvider.mutateGlobalSetting(SettingsProvider.java:1256)
at com.android.providers.settings.SettingsProvider.deleteGlobalSetting(SettingsProvider.java:1239)
at com.android.providers.settings.SettingsProvider.call(SettingsProvider.java:476)
at android.content.ContentProvider.call(ContentProvider.java:2177)
at android.content.ContentProvider$Transport.call(ContentProvider.java:477)
at com.android.providers.settings.SettingsService$MyShellCommand.deleteForUser(SettingsService.java:399)
at com.android.providers.settings.SettingsService$MyShellCommand.onCommand(SettingsService.java:281)
at android.os.ShellCommand.exec(ShellCommand.java:111)
at com.android.providers.settings.SettingsService.onShellCommand(SettingsService.java:49)
at android.os.Binder.shellCommand(Binder.java:881)
at android.os.Binder.onTransact(Binder.java:765)
at android.os.Binder.execTransactInternal(Binder.java:1021)
at android.os.Binder.execTransact(Binder.java:994)
Security exception: Permission denial: writing to settings requires:android.permission.WRITE_SECURE_SETTINGS

java.lang.SecurityException: Permission denial: writing to settings requires:android.permission.WRITE_SECURE_SETTINGS
at com.android.providers.settings.SettingsProvider.enforceWritePermission(SettingsProvider.java:2050)
at com.android.providers.settings.SettingsProvider.mutateGlobalSetting(SettingsProvider.java:1256)
at com.android.providers.settings.SettingsProvider.deleteGlobalSetting(SettingsProvider.java:1239)
at com.android.providers.settings.SettingsProvider.call(SettingsProvider.java:476)
at android.content.ContentProvider.call(ContentProvider.java:2177)
at android.content.ContentProvider$Transport.call(ContentProvider.java:477)
at com.android.providers.settings.SettingsService$MyShellCommand.deleteForUser(SettingsService.java:399)
at com.android.providers.settings.SettingsService$MyShellCommand.onCommand(SettingsService.java:281)
at android.os.ShellCommand.exec(ShellCommand.java:111)
at com.android.providers.settings.SettingsService.onShellCommand(SettingsService.java:49)
at android.os.Binder.shellCommand(Binder.java:881)
at android.os.Binder.onTransact(Binder.java:765)
at android.os.Binder.execTransactInternal(Binder.java:1021)
at android.os.Binder.execTransact(Binder.java:994)
Security exception: Permission denial: writing to settings requires:android.permission.WRITE_SECURE_SETTINGS

java.lang.SecurityException: Permission denial: writing to settings requires:android.permission.WRITE_SECURE_SETTINGS
at com.android.providers.settings.SettingsProvider.enforceWritePermission(SettingsProvider.java:2050)
at com.android.providers.settings.SettingsProvider.mutateGlobalSetting(SettingsProvider.java:1256)
at com.android.providers.settings.SettingsProvider.deleteGlobalSetting(SettingsProvider.java:1239)
at com.android.providers.settings.SettingsProvider.call(SettingsProvider.java:476)
at android.content.ContentProvider.call(ContentProvider.java:2177)
at android.content.ContentProvider$Transport.call(ContentProvider.java:477)
at com.android.providers.settings.SettingsService$MyShellCommand.deleteForUser(SettingsService.java:399)
at com.android.providers.settings.SettingsService$MyShellCommand.onCommand(SettingsService.java:281)
at android.os.ShellCommand.exec(ShellCommand.java:111)
at com.android.providers.settings.SettingsService.onShellCommand(SettingsService.java:49)
at android.os.Binder.shellCommand(Binder.java:881)
at android.os.Binder.onTransact(Binder.java:765)
at android.os.Binder.execTransactInternal(Binder.java:1021)
at android.os.Binder.execTransact(Binder.java:994)
 
Host info: host: 'DESKTOP-KE25AAU', ip: '192.168.56.1'
Build info: version: '4.6.0', revision: '79f1c02ae20'
System info: os.name: 'Windows 10', os.arch: 'amd64', os.version: '10.0', java.version: '11.0.16.1'
Driver info: io.appium.java_client.android.AndroidDriver
Command: [null, newSession {capabilities=[{appium:deviceName=realme RMX3381, platformName=ANDROID, appium:automationName=UIAutomator2, appium:app=C:\Users\Nandini\Downloads\app-release (3).apk}], desiredCapabilities=Capabilities {appium:app: C:\Users\Nandini\Downloads\..., appium:automationName: UIAutomator2, appium:deviceName: realme RMX3381, platformName: ANDROID}}]
Capabilities {}
at org.openqa.selenium.remote.ProtocolHandshake.createSession(ProtocolHandshake.java:146)
at java.base/jdk.internal.reflect.NativeMethodAccessorImpl.invoke0(Native Method)
at java.base/jdk.internal.reflect.NativeMethodAccessorImpl.invoke(NativeMethodAccessorImpl.java:62)
at java.base/jdk.internal.reflect.DelegatingMethodAccessorImpl.invoke(DelegatingMethodAccessorImpl.java:43)
at java.base/java.lang.reflect.Method.invoke(Method.java:566)
at io.appium.java_client.remote.AppiumProtocolHandshake.createSession(AppiumProtocolHandshake.java:126)
at io.appium.java_client.remote.AppiumProtocolHandshake.createSession(AppiumProtocolHandshake.java:102)
at io.appium.java_client.remote.AppiumCommandExecutor.createSession(AppiumCommandExecutor.java:146)
at io.appium.java_client.remote.AppiumCommandExecutor.execute(AppiumCommandExecutor.java:180)
at org.openqa.selenium.remote.RemoteWebDriver.execute(RemoteWebDriver.java:541)
at io.appium.java_client.AppiumDriver.startSession(AppiumDriver.java:224)
at org.openqa.selenium.remote.RemoteWebDriver.<init>(RemoteWebDriver.java:157)
at io.appium.java_client.AppiumDriver.<init>(AppiumDriver.java:79)
at io.appium.java_client.AppiumDriver.<init>(AppiumDriver.java:87)
at io.appium.java_client.android.AndroidDriver.<init>(AndroidDriver.java:116)
at Andriod_BaseTest.AulasBaseTest.ConfigureAppium(AulasBaseTest.java:73)
at Andriod_BaseTest.AulasBaseTest.NameOFOS(AulasBaseTest.java:240)
at Test.AulasCareModule.doLoginOperation(AulasCareModule.java:34)
at java.base/jdk.internal.reflect.NativeMethodAccessorImpl.invoke0(Native Method)
at java.base/jdk.internal.reflect.NativeMethodAccessorImpl.invoke(NativeMethodAccessorImpl.java:62)
at java.base/jdk.internal.reflect.DelegatingMethodAccessorImpl.invoke(DelegatingMethodAccessorImpl.java:43)
at java.base/java.lang.reflect.Method.invoke(Method.java:566)
at org.testng.internal.invokers.MethodInvocationHelper.invokeMethod(MethodInvocationHelper.java:139)
at org.testng.internal.invokers.MethodInvocationHelper.invokeMethodConsideringTimeout(MethodInvocationHelper.java:69)
at org.testng.internal.invokers.ConfigInvoker.invokeConfigurationMethod(ConfigInvoker.java:361)
at org.testng.internal.invokers.ConfigInvoker.invokeConfigurations(ConfigInvoker.java:296)
at org.testng.SuiteRunner.privateRun(SuiteRunner.java:372)
at org.testng.SuiteRunner.run(SuiteRunner.java:330)
at org.testng.SuiteRunnerWorker.runSuite(SuiteRunnerWorker.java:52)
at org.testng.SuiteRunnerWorker.run(SuiteRunnerWorker.java:95)
at org.testng.TestNG.runSuitesSequentially(TestNG.java:1256)
at org.testng.TestNG.runSuitesLocally(TestNG.java:1176)
at org.testng.TestNG.runSuites(TestNG.java:1099)
at org.testng.TestNG.run(TestNG.java:1067)
at org.testng.remote.AbstractRemoteTestNG.run(AbstractRemoteTestNG.java:115)
at org.testng.remote.RemoteTestNG.initAndRun(RemoteTestNG.java:251)
at org.testng.remote.RemoteTestNG.main(RemoteTestNG.java:77)
]]>
    </error>
  </testcase> <!-- doLoginOperation -->
  <system-out/>
  <testcase classname="Test.AulasCareModule" name="checkSupport" time="0.000">
    <skipped/>
  </testcase> <!-- checkSupport -->
  <system-out/>
</testsuite> <!-- Test.AulasCareModule -->
