<?xml version="1.0" encoding="UTF-8"?>
<!-- Generated by org.testng.reporters.JUnitReportReporter -->
<testsuite hostname="DESKTOP-IVTHCAK" failures="0" tests="1" name="Test.AulasCareTeacherSide" time="42.046" errors="0" timestamp="2022-11-24T15:33:07 PST" skipped="0">
  <testcase classname="Test.AulasCareTeacherSide" name="fillVaccinationDetails" time="42.046"/>
  <system-out/>
</testsuite> <!-- Test.AulasCareTeacherSide -->
